<?xml version="1.0" encoding="UTF-8"?>
<!-- Generated by org.testng.reporters.JUnitXMLReporter -->
<testsuite ignored="0" hostname="DESKTOP-7MPKD8K" failures="0" tests="5" name="Default test" time="7.582" errors="0" timestamp="2023-03-07T12:29:47 EST">
  <testcase classname="com.twoplugs.test.TP_007_Create_Update_Delete_Service" name="loginValidUsername" time="3.18"/>
  <testcase classname="com.twoplugs.test.TP_007_Create_Update_Delete_Service" name="goToProfilePage" time="0.37"/>
  <testcase classname="com.twoplugs.test.TP_007_Create_Update_Delete_Service" name="creatNewService" time="2.111"/>
  <testcase classname="com.twoplugs.test.TP_007_Create_Update_Delete_Service" name="editService" time="0.887"/>
  <testcase classname="com.twoplugs.test.TP_007_Create_Update_Delete_Service" name="deleteService" time="0.979"/>
</testsuite> <!-- Default test -->
