<?xml version="1.0" encoding="UTF-8"?>
<!-- Generated by org.testng.reporters.JUnitXMLReporter -->
<testsuite ignored="0" hostname="DESKTOP-7MPKD8K" failures="0" tests="4" name="Default test" time="16.07" errors="0" timestamp="2023-03-28T17:41:58 EDT">
  <testcase classname="com.twoplugs.newtests.TP_LoginTest" name="loginValidUsername" time="0.986"/>
  <testcase classname="com.twoplugs.newtests.TP_LoginTest" name="loginValidUsername" time="0.794"/>
  <testcase classname="com.twoplugs.newtests.TP_LoginTest" name="loginValidUsername" time="0.743"/>
  <testcase classname="com.twoplugs.newtests.TP_LoginTest" name="loginValidUsername" time="2.816"/>
</testsuite> <!-- Default test -->
