<?xml version="1.0" encoding="UTF-8"?>
<testng-results ignored="0" total="1" passed="1" failed="0" skipped="0">
  <reporter-output>
  </reporter-output>
  <suite started-at="2023-03-15T11:52:51 EDT" name="Default suite" finished-at="2023-03-15T11:52:57 EDT" duration-ms="5930">
    <groups>
    </groups>
    <test started-at="2023-03-15T11:52:51 EDT" name="Default test" finished-at="2023-03-15T11:52:57 EDT" duration-ms="5930">
      <class name="com.twoplugs.test.TP_002_Login_Valid_EmailPassword">
        <test-method is-config="true" signature="loadLoginPage()[pri:0, instance:com.twoplugs.test.TP_002_Login_Valid_EmailPassword@45cff11c]" started-at="2023-03-15T11:52:47 EDT" name="loadLoginPage" finished-at="2023-03-15T11:52:51 EDT" duration-ms="3550" status="PASS">
          <reporter-output>
          </reporter-output>
        </test-method> <!-- loadLoginPage -->
        <test-method signature="loginValidUsername(java.lang.String, java.lang.String)[pri:0, instance:com.twoplugs.test.TP_002_Login_Valid_EmailPassword@45cff11c]" started-at="2023-03-15T11:52:51 EDT" name="loginValidUsername" data-provider="ValidLoginData" finished-at="2023-03-15T11:52:57 EDT" duration-ms="5876" status="PASS">
          <params>
            <param index="0">
              <value>
                <![CDATA[Linet]]>
              </value>
            </param>
            <param index="1">
              <value>
                <![CDATA[twoplugs2]]>
              </value>
            </param>
          </params>
          <reporter-output>
          </reporter-output>
        </test-method> <!-- loginValidUsername -->
        <test-method is-config="true" signature="closeApplication()[pri:0, instance:com.twoplugs.test.TP_002_Login_Valid_EmailPassword@45cff11c]" started-at="2023-03-15T11:52:57 EDT" name="closeApplication" finished-at="2023-03-15T11:53:00 EDT" duration-ms="3212" status="PASS">
          <reporter-output>
          </reporter-output>
        </test-method> <!-- closeApplication -->
      </class> <!-- com.twoplugs.test.TP_002_Login_Valid_EmailPassword -->
    </test> <!-- Default test -->
  </suite> <!-- Default suite -->
</testng-results>
