<?xml version="1.0" encoding="UTF-8"?>
<!-- Generated by org.testng.reporters.JUnitXMLReporter -->
<testsuite ignored="0" hostname="DESKTOP-7MPKD8K" failures="2" tests="2" name="Test" time="5.402" errors="0" timestamp="2023-03-03T20:55:29 EST">
  <testcase classname="com.twoplugs.test.TP_019_Change_Network" name="changeNetwrok" time="2.423">
    <failure type="org.openqa.selenium.NoSuchElementException" message="no such element: Unable to locate element: {&amp;quot;method&amp;quot;:&amp;quot;xpath&amp;quot;,&amp;quot;selector&amp;quot;:&amp;quot;//a[@aria-controls =&amp;apos;home&amp;apos;]&amp;quot;}
  (Session info: chrome=110.0.5481.178)
For documentation on this error, please visit: https://selenium.dev/exceptions/#no_such_element
Build info: version: &amp;apos;4.1.0&amp;apos;, revision: &amp;apos;87802e897b&amp;apos;
System info: host: &amp;apos;DESKTOP-7MPKD8K&amp;apos;, ip: &amp;apos;10.0.0.93&amp;apos;, os.name: &amp;apos;Windows 10&amp;apos;, os.arch: &amp;apos;amd64&amp;apos;, os.version: &amp;apos;10.0&amp;apos;, java.version: &amp;apos;17.0.4.1&amp;apos;
Driver info: org.openqa.selenium.chrome.ChromeDriver
Command: [bc850d08dfee7983ad5b90ecc9815104, findElement {using=xpath, value=//a[@aria-controls =&amp;apos;home&amp;apos;]}]
Capabilities {acceptInsecureCerts: false, browserName: chrome, browserVersion: 110.0.5481.178, chrome: {chromedriverVersion: 110.0.5481.77 (65ed616c6e8e..., userDataDir: C:\Users\USER\AppData\Local...}, goog:chromeOptions: {debuggerAddress: localhost:56711}, javascriptEnabled: true, networkConnectionEnabled: false, pageLoadStrategy: normal, platform: WINDOWS, platformName: WINDOWS, proxy: Proxy(), se:cdp: ws://localhost:56711/devtoo..., se:cdpVersion: 110.0.5481.178, setWindowRect: true, strictFileInteractability: false, timeouts: {implicit: 0, pageLoad: 300000, script: 30000}, unhandledPromptBehavior: dismiss and notify, webauthn:extension:credBlob: true, webauthn:extension:largeBlob: true, webauthn:virtualAuthenticators: true}
Session ID: bc850d08dfee7983ad5b90ecc9815104">
      <![CDATA[org.openqa.selenium.NoSuchElementException: no such element: Unable to locate element: {"method":"xpath","selector":"//a[@aria-controls ='home']"}
  (Session info: chrome=110.0.5481.178)
For documentation on this error, please visit: https://selenium.dev/exceptions/#no_such_element
Build info: version: '4.1.0', revision: '87802e897b'
System info: host: 'DESKTOP-7MPKD8K', ip: '10.0.0.93', os.name: 'Windows 10', os.arch: 'amd64', os.version: '10.0', java.version: '17.0.4.1'
Driver info: org.openqa.selenium.chrome.ChromeDriver
Command: [bc850d08dfee7983ad5b90ecc9815104, findElement {using=xpath, value=//a[@aria-controls ='home']}]
Capabilities {acceptInsecureCerts: false, browserName: chrome, browserVersion: 110.0.5481.178, chrome: {chromedriverVersion: 110.0.5481.77 (65ed616c6e8e..., userDataDir: C:\Users\USER\AppData\Local...}, goog:chromeOptions: {debuggerAddress: localhost:56711}, javascriptEnabled: true, networkConnectionEnabled: false, pageLoadStrategy: normal, platform: WINDOWS, platformName: WINDOWS, proxy: Proxy(), se:cdp: ws://localhost:56711/devtoo..., se:cdpVersion: 110.0.5481.178, setWindowRect: true, strictFileInteractability: false, timeouts: {implicit: 0, pageLoad: 300000, script: 30000}, unhandledPromptBehavior: dismiss and notify, webauthn:extension:credBlob: true, webauthn:extension:largeBlob: true, webauthn:virtualAuthenticators: true}
Session ID: bc850d08dfee7983ad5b90ecc9815104
at org.openqa.selenium.remote.codec.w3c.W3CHttpResponseCodec.createException(W3CHttpResponseCodec.java:200)
at org.openqa.selenium.remote.codec.w3c.W3CHttpResponseCodec.decode(W3CHttpResponseCodec.java:133)
at org.openqa.selenium.remote.codec.w3c.W3CHttpResponseCodec.decode(W3CHttpResponseCodec.java:53)
at org.openqa.selenium.remote.HttpCommandExecutor.execute(HttpCommandExecutor.java:184)
at org.openqa.selenium.remote.service.DriverCommandExecutor.invokeExecute(DriverCommandExecutor.java:164)
at org.openqa.selenium.remote.service.DriverCommandExecutor.execute(DriverCommandExecutor.java:139)
at org.openqa.selenium.remote.RemoteWebDriver.execute(RemoteWebDriver.java:559)
at org.openqa.selenium.remote.ElementLocation$ElementFinder$2.findElement(ElementLocation.java:162)
at org.openqa.selenium.remote.ElementLocation.findElement(ElementLocation.java:60)
at org.openqa.selenium.remote.RemoteWebDriver.findElement(RemoteWebDriver.java:383)
at org.openqa.selenium.remote.RemoteWebDriver.findElement(RemoteWebDriver.java:375)
at com.twoplugs.test.TP_019_Change_Network.changeNetwrok(TP_019_Change_Network.java:88)
at java.base/java.util.ArrayList.forEach(ArrayList.java:1511)
... Removed 32 stack frames]]>
    </failure>
  </testcase> <!-- changeNetwrok -->
  <testcase classname="com.twoplugs.test.TP_019_Change_Network" name="loginValidUsername" time="2.904">
    <failure type="org.openqa.selenium.NoSuchElementException" message="no such element: Unable to locate element: {&amp;quot;method&amp;quot;:&amp;quot;xpath&amp;quot;,&amp;quot;selector&amp;quot;:&amp;quot;//div[@class=&amp;apos;profile-information&amp;apos;]&amp;quot;}
  (Session info: chrome=110.0.5481.178)
For documentation on this error, please visit: https://selenium.dev/exceptions/#no_such_element
Build info: version: &amp;apos;4.1.0&amp;apos;, revision: &amp;apos;87802e897b&amp;apos;
System info: host: &amp;apos;DESKTOP-7MPKD8K&amp;apos;, ip: &amp;apos;10.0.0.93&amp;apos;, os.name: &amp;apos;Windows 10&amp;apos;, os.arch: &amp;apos;amd64&amp;apos;, os.version: &amp;apos;10.0&amp;apos;, java.version: &amp;apos;17.0.4.1&amp;apos;
Driver info: org.openqa.selenium.chrome.ChromeDriver
Command: [bc850d08dfee7983ad5b90ecc9815104, findElement {using=xpath, value=//div[@class=&amp;apos;profile-information&amp;apos;]}]
Capabilities {acceptInsecureCerts: false, browserName: chrome, browserVersion: 110.0.5481.178, chrome: {chromedriverVersion: 110.0.5481.77 (65ed616c6e8e..., userDataDir: C:\Users\USER\AppData\Local...}, goog:chromeOptions: {debuggerAddress: localhost:56711}, javascriptEnabled: true, networkConnectionEnabled: false, pageLoadStrategy: normal, platform: WINDOWS, platformName: WINDOWS, proxy: Proxy(), se:cdp: ws://localhost:56711/devtoo..., se:cdpVersion: 110.0.5481.178, setWindowRect: true, strictFileInteractability: false, timeouts: {implicit: 0, pageLoad: 300000, script: 30000}, unhandledPromptBehavior: dismiss and notify, webauthn:extension:credBlob: true, webauthn:extension:largeBlob: true, webauthn:virtualAuthenticators: true}
Session ID: bc850d08dfee7983ad5b90ecc9815104">
      <![CDATA[org.openqa.selenium.NoSuchElementException: no such element: Unable to locate element: {"method":"xpath","selector":"//div[@class='profile-information']"}
  (Session info: chrome=110.0.5481.178)
For documentation on this error, please visit: https://selenium.dev/exceptions/#no_such_element
Build info: version: '4.1.0', revision: '87802e897b'
System info: host: 'DESKTOP-7MPKD8K', ip: '10.0.0.93', os.name: 'Windows 10', os.arch: 'amd64', os.version: '10.0', java.version: '17.0.4.1'
Driver info: org.openqa.selenium.chrome.ChromeDriver
Command: [bc850d08dfee7983ad5b90ecc9815104, findElement {using=xpath, value=//div[@class='profile-information']}]
Capabilities {acceptInsecureCerts: false, browserName: chrome, browserVersion: 110.0.5481.178, chrome: {chromedriverVersion: 110.0.5481.77 (65ed616c6e8e..., userDataDir: C:\Users\USER\AppData\Local...}, goog:chromeOptions: {debuggerAddress: localhost:56711}, javascriptEnabled: true, networkConnectionEnabled: false, pageLoadStrategy: normal, platform: WINDOWS, platformName: WINDOWS, proxy: Proxy(), se:cdp: ws://localhost:56711/devtoo..., se:cdpVersion: 110.0.5481.178, setWindowRect: true, strictFileInteractability: false, timeouts: {implicit: 0, pageLoad: 300000, script: 30000}, unhandledPromptBehavior: dismiss and notify, webauthn:extension:credBlob: true, webauthn:extension:largeBlob: true, webauthn:virtualAuthenticators: true}
Session ID: bc850d08dfee7983ad5b90ecc9815104
at org.openqa.selenium.remote.codec.w3c.W3CHttpResponseCodec.createException(W3CHttpResponseCodec.java:200)
at org.openqa.selenium.remote.codec.w3c.W3CHttpResponseCodec.decode(W3CHttpResponseCodec.java:133)
at org.openqa.selenium.remote.codec.w3c.W3CHttpResponseCodec.decode(W3CHttpResponseCodec.java:53)
at org.openqa.selenium.remote.HttpCommandExecutor.execute(HttpCommandExecutor.java:184)
at org.openqa.selenium.remote.service.DriverCommandExecutor.invokeExecute(DriverCommandExecutor.java:164)
at org.openqa.selenium.remote.service.DriverCommandExecutor.execute(DriverCommandExecutor.java:139)
at org.openqa.selenium.remote.RemoteWebDriver.execute(RemoteWebDriver.java:559)
at org.openqa.selenium.remote.ElementLocation$ElementFinder$2.findElement(ElementLocation.java:162)
at org.openqa.selenium.remote.ElementLocation.findElement(ElementLocation.java:60)
at org.openqa.selenium.remote.RemoteWebDriver.findElement(RemoteWebDriver.java:383)
at org.openqa.selenium.remote.RemoteWebDriver.findElement(RemoteWebDriver.java:375)
at com.twoplugs.test.TP_019_Change_Network.loginValidUsername(TP_019_Change_Network.java:57)
at java.base/java.util.ArrayList.forEach(ArrayList.java:1511)
... Removed 32 stack frames]]>
    </failure>
  </testcase> <!-- loginValidUsername -->
</testsuite> <!-- Test -->
